SF:lib\main.dart
DA:6,0
DA:7,0
DA:9,0
LF:3
LH:0
end_of_record
SF:lib\src\app_widget.dart
DA:6,12
DA:8,0
DA:10,0
DA:11,0
LF:4
LH:1
end_of_record
SF:lib\src\core\modules\product\domain\entities\product_entity.dart
DA:10,6
DA:18,2
DA:19,4
DA:20,4
DA:21,4
DA:22,4
LF:6
LH:6
end_of_record
SF:lib\src\core\modules\product\domain\usecases\get_all_categorys_usecase.dart
DA:11,2
DA:13,1
DA:15,2
LF:3
LH:3
end_of_record
SF:lib\src\core\modules\product\domain\usecases\get_all_products_usecase.dart
DA:11,2
DA:13,1
DA:15,2
LF:3
LH:3
end_of_record
SF:lib\src\core\modules\product\domain\usecases\get_products_by_specific_category_usecase.dart
DA:13,2
DA:15,1
DA:17,2
LF:3
LH:3
end_of_record
SF:lib\src\core\modules\product\domain\usecases\get_single_product_by_id_usecase.dart
DA:11,2
DA:13,1
DA:15,2
LF:3
LH:3
end_of_record
SF:lib\src\core\modules\product\domain\value_objects\category.dart
DA:5,10
DA:7,6
LF:2
LH:2
end_of_record
SF:lib\src\core\modules\product\external\datasource\product_datasource_imp.dart
DA:8,2
DA:11,1
DA:12,4
DA:13,1
DA:18,1
DA:19,4
DA:20,1
DA:25,1
DA:26,4
DA:27,1
DA:32,1
DA:33,4
DA:34,1
LF:13
LH:13
end_of_record
SF:lib\src\core\modules\product\infra\adapters\json_to_category.dart
DA:4,1
DA:5,1
DA:6,1
DA:10,1
DA:11,1
DA:12,1
LF:6
LH:6
end_of_record
SF:lib\src\core\modules\product\infra\adapters\json_to_product.dart
DA:5,2
DA:6,2
DA:7,2
DA:8,2
DA:9,4
DA:10,2
DA:11,2
DA:12,2
DA:15,1
DA:16,1
DA:17,1
DA:18,1
DA:19,2
DA:20,1
DA:21,1
DA:22,1
LF:16
LH:16
end_of_record
SF:lib\src\core\modules\product\infra\model\product_model.dart
DA:6,3
DA:13,3
DA:14,3
LF:3
LH:3
end_of_record
SF:lib\src\core\modules\product\infra\repositories\product_repository_imp.dart
DA:10,2
DA:13,1
DA:14,3
DA:15,4
DA:19,1
DA:21,4
DA:22,4
DA:26,1
DA:27,3
DA:28,1
DA:32,1
DA:33,3
DA:34,4
LF:13
LH:13
end_of_record
SF:lib\src\core\modules\user\domain\entities\user_entity.dart
DA:12,2
DA:21,2
DA:22,4
DA:23,4
DA:24,4
DA:25,6
DA:26,6
LF:7
LH:7
end_of_record
SF:lib\src\core\modules\user\domain\value_objects\address.dart
DA:7,2
LF:1
LH:1
end_of_record
SF:lib\src\core\modules\user\domain\value_objects\name.dart
DA:5,2
LF:1
LH:1
end_of_record
SF:lib\src\core\shared\consts\api_consts.dart
DA:2,2
DA:4,2
DA:7,2
DA:8,2
DA:10,2
DA:11,2
DA:13,1
DA:15,1
DA:17,1
LF:9
LH:9
end_of_record
SF:lib\src\core\shared\failures\failures.dart
DA:4,1
DA:11,1
DA:22,0
DA:27,0
DA:36,2
DA:40,1
DA:45,1
LF:7
LH:5
end_of_record
SF:lib\src\core\shared\inject\inject.dart
DA:19,1
DA:20,1
DA:22,4
DA:24,1
DA:25,3
DA:27,1
DA:28,3
DA:30,1
DA:31,3
DA:33,1
DA:34,3
DA:36,1
DA:37,3
DA:39,1
DA:40,3
DA:42,1
DA:43,4
DA:45,1
DA:46,3
DA:49,1
DA:50,3
LF:21
LH:21
end_of_record
SF:lib\src\core\shared\routers\routers.dart
DA:6,1
DA:8,3
DA:9,0
DA:12,1
DA:13,1
DA:14,1
DA:16,2
DA:19,1
DA:20,0
LF:9
LH:7
end_of_record
SF:lib\src\core\shared\services\remote\dio_http_client_service.dart
DA:9,2
DA:11,1
DA:15,2
DA:19,1
DA:20,2
DA:21,2
DA:22,1
DA:23,2
DA:24,1
DA:26,1
DA:29,1
DA:30,1
DA:36,1
DA:43,2
DA:47,1
DA:48,2
DA:49,2
DA:50,1
DA:51,2
DA:52,1
DA:54,1
DA:57,1
DA:58,1
DA:64,1
DA:71,2
DA:75,1
DA:76,2
DA:77,2
DA:78,1
DA:79,2
DA:80,1
DA:82,1
DA:85,1
DA:86,1
LF:34
LH:34
end_of_record
SF:lib\src\core\shared\widgets\custom_circular_progress_indicator.dart
DA:4,27
DA:6,0
LF:2
LH:1
end_of_record
SF:lib\src\modules\cart\domain\entities\cart_entity.dart
DA:9,1
LF:1
LH:1
end_of_record
SF:lib\src\modules\cart\domain\usecases\add_product_to_cart_usecase.dart
DA:12,1
DA:15,1
DA:16,2
DA:18,2
LF:4
LH:4
end_of_record
SF:lib\src\modules\cart\domain\usecases\delete_product_to_cart_usecase.dart
DA:12,1
DA:15,1
DA:16,2
DA:18,2
LF:4
LH:4
end_of_record
SF:lib\src\modules\cart\domain\usecases\get_cart_usecase.dart
DA:14,1
DA:17,1
DA:18,2
DA:20,2
LF:4
LH:4
end_of_record
SF:lib\src\modules\detail\presenter\router\detail_arguments.dart
DA:2,0
LF:1
LH:0
end_of_record
SF:lib\src\modules\detail\presenter\router\detail_route.dart
DA:6,0
DA:8,0
DA:10,0
DA:12,0
DA:13,0
DA:14,0
DA:15,0
DA:16,0
DA:17,0
LF:9
LH:0
end_of_record
SF:lib\src\modules\detail\presenter\ui\controller\detail_controller.dart
DA:10,1
DA:12,2
DA:14,0
DA:15,0
DA:18,0
DA:19,0
DA:21,0
DA:25,0
LF:8
LH:2
end_of_record
SF:lib\src\modules\detail\presenter\ui\detail_page.dart
DA:10,0
DA:12,0
DA:13,0
DA:19,0
DA:21,0
DA:22,0
DA:25,0
DA:27,0
DA:28,0
DA:29,0
DA:30,0
DA:31,0
DA:32,0
DA:33,0
DA:35,0
DA:36,0
LF:16
LH:0
end_of_record
SF:lib\src\modules\detail\presenter\ui\states\detail_states.dart
DA:10,0
DA:18,0
LF:2
LH:0
end_of_record
SF:lib\src\modules\home\presenter\router\home_route.dart
DA:6,15
DA:8,0
DA:10,0
DA:12,0
DA:13,0
DA:14,0
DA:15,0
LF:7
LH:1
end_of_record
SF:lib\src\modules\home\presenter\ui\components\category\category_component.dart
DA:6,0
DA:9,0
DA:13,0
DA:14,0
DA:20,0
DA:22,0
DA:25,0
DA:26,0
DA:30,0
DA:31,0
DA:32,0
DA:33,0
DA:36,0
DA:37,0
DA:38,0
DA:40,0
DA:43,0
LF:17
LH:0
end_of_record
SF:lib\src\modules\home\presenter\ui\components\products\product_component.dart
DA:7,0
DA:8,0
DA:12,0
DA:14,0
DA:18,0
DA:25,0
DA:26,0
DA:27,0
DA:28,0
DA:29,0
DA:31,0
DA:32,0
DA:34,0
DA:36,0
DA:38,0
DA:40,0
DA:42,0
DA:43,0
DA:48,0
DA:50,0
DA:53,0
DA:54,0
DA:55,0
DA:56,0
DA:60,0
DA:65,0
DA:66,0
DA:70,0
LF:28
LH:0
end_of_record
SF:lib\src\modules\home\presenter\ui\components\products\product_error.dart
DA:4,0
DA:7,0
DA:11,0
DA:12,0
DA:16,0
DA:18,0
DA:19,0
LF:7
LH:0
end_of_record
SF:lib\src\modules\home\presenter\ui\components\products\product_loading.dart
DA:6,15
DA:8,0
DA:10,0
DA:14,0
LF:4
LH:1
end_of_record
SF:lib\src\modules\home\presenter\ui\container\home_container_page.dart
DA:15,15
DA:17,0
DA:18,0
DA:25,0
DA:27,0
DA:28,0
DA:29,0
DA:30,0
DA:31,0
DA:32,0
DA:37,0
DA:39,0
DA:41,0
DA:44,0
DA:45,0
DA:46,0
DA:50,0
DA:51,0
DA:52,0
DA:53,0
DA:54,0
DA:55,0
DA:58,0
DA:65,0
DA:66,0
DA:67,0
DA:68,0
DA:69,0
DA:70,0
DA:73,0
DA:74,0
DA:75,0
LF:32
LH:1
end_of_record
SF:lib\src\modules\home\presenter\ui\controllers\category_controller.dart
DA:11,2
DA:13,4
DA:17,3
DA:19,1
DA:20,2
DA:22,4
DA:23,4
DA:24,3
DA:26,3
LF:9
LH:9
end_of_record
SF:lib\src\modules\home\presenter\ui\controllers\product_controller.dart
DA:14,2
DA:17,4
DA:21,1
DA:22,4
DA:23,1
DA:26,1
DA:27,4
DA:29,1
DA:32,0
DA:34,1
DA:35,2
DA:37,3
DA:38,2
DA:40,2
DA:42,3
DA:44,3
LF:16
LH:15
end_of_record
SF:lib\src\modules\home\presenter\ui\states\category_states.dart
DA:9,1
DA:17,1
LF:2
LH:2
end_of_record
SF:lib\src\modules\home\presenter\ui\states\product_state.dart
DA:10,1
DA:18,1
LF:2
LH:2
end_of_record
