SF:lib\src\core\modules\product\domain\entities\product_entity.dart
DA:10,3
DA:18,1
DA:19,2
DA:20,2
DA:21,2
DA:22,2
LF:6
LH:6
end_of_record
SF:lib\src\core\modules\product\domain\value_objects\category.dart
DA:5,5
DA:7,3
LF:2
LH:2
end_of_record
SF:lib\src\core\modules\product\domain\usecases\get_all_products_usecase.dart
DA:11,1
DA:13,1
DA:15,2
LF:3
LH:3
end_of_record
SF:lib\src\core\modules\user\domain\entities\user_entity.dart
DA:12,0
DA:21,0
DA:22,0
DA:23,0
DA:24,0
DA:25,0
DA:26,0
LF:7
LH:0
end_of_record
SF:lib\src\core\modules\user\domain\value_objects\address.dart
DA:7,0
LF:1
LH:0
end_of_record
SF:lib\src\core\modules\user\domain\value_objects\name.dart
DA:5,0
LF:1
LH:0
end_of_record
SF:lib\src\core\modules\product\domain\usecases\get_products_by_specific_category_usecase.dart
DA:13,1
DA:15,1
DA:17,2
LF:3
LH:3
end_of_record
SF:lib\src\core\modules\product\domain\usecases\get_single_product_by_id_usecase.dart
DA:11,1
DA:13,1
DA:15,2
LF:3
LH:3
end_of_record
SF:lib\src\core\modules\product\external\datasource\product_datasource_imp.dart
DA:8,1
DA:11,1
DA:12,4
DA:13,1
DA:18,1
DA:19,4
DA:20,1
DA:25,1
DA:26,4
DA:27,1
LF:10
LH:10
end_of_record
SF:lib\src\core\shared\consts\api_consts.dart
DA:2,1
DA:3,0
DA:6,1
DA:7,1
DA:9,1
DA:10,1
DA:12,0
DA:14,0
DA:16,0
LF:9
LH:5
end_of_record
SF:lib\src\core\modules\product\infra\adapters\json_to_category.dart
DA:4,1
DA:5,1
DA:6,1
DA:10,1
DA:11,1
DA:12,1
LF:6
LH:6
end_of_record
SF:lib\src\core\modules\product\infra\adapters\json_to_product.dart
DA:5,2
DA:6,2
DA:7,2
DA:8,2
DA:9,4
DA:10,2
DA:11,2
DA:12,2
DA:15,1
DA:16,1
DA:17,1
DA:18,1
DA:19,2
DA:20,1
DA:21,1
DA:22,1
LF:16
LH:16
end_of_record
SF:lib\src\core\modules\product\infra\model\product_model.dart
DA:6,2
DA:13,2
DA:14,2
LF:3
LH:3
end_of_record
SF:lib\src\core\modules\product\infra\repositories\product_repository_imp.dart
DA:10,1
DA:13,1
DA:14,3
DA:15,4
DA:19,1
DA:21,4
DA:22,4
DA:26,1
DA:27,3
DA:28,1
LF:10
LH:10
end_of_record
SF:lib\src\core\shared\failures\failures.dart
DA:4,1
DA:11,1
DA:22,0
DA:27,0
DA:36,2
DA:40,1
DA:45,1
LF:7
LH:5
end_of_record
SF:lib\src\core\shared\services\remote\dio_http_client_service.dart
DA:9,1
DA:11,1
DA:15,2
DA:19,1
DA:20,2
DA:21,2
DA:22,1
DA:23,2
DA:24,1
DA:26,1
DA:29,1
DA:30,1
DA:36,1
DA:43,2
DA:47,1
DA:48,2
DA:49,2
DA:50,1
DA:51,2
DA:52,1
DA:54,1
DA:57,1
DA:58,1
DA:64,1
DA:71,2
DA:75,1
DA:76,2
DA:77,2
DA:78,1
DA:79,2
DA:80,1
DA:82,1
DA:85,1
DA:86,1
LF:34
LH:34
end_of_record
SF:lib\src\modules\cart\domain\usecases\add_product_to_cart_usecase.dart
DA:12,1
DA:15,1
DA:16,1
DA:18,2
LF:4
LH:4
end_of_record
